This is pdfTeX, Version 3.141592653-2.6-1.40.23 (TeX Live 2021/W32TeX) (preloaded format=pdflatex 2021.11.15)  2 DEC 2021 23:42
entering extended mode
 restricted \write18 enabled.
 file:line:error style messages enabled.
 %&-line parsing enabled.
**"c:/Users/weber/OneDrive/Desktop/Dissertation/Stage 2/dissertation.tex"
(c:/Users/weber/OneDrive/Desktop/Dissertation/Stage 2/dissertation.tex
LaTeX2e <2021-11-15>
L3 programming layer <2021-11-12> (c:/texlive/2021/texmf-dist/tex/latex/base/book.cls
Document Class: book 2021/10/04 v1.4n Standard LaTeX document class
(c:/texlive/2021/texmf-dist/tex/latex/base/bk11.clo
File: bk11.clo 2021/10/04 v1.4n Standard LaTeX file (size option)
)
\c@part=\count183
\c@chapter=\count184
\c@section=\count185
\c@subsection=\count186
\c@subsubsection=\count187
\c@paragraph=\count188
\c@subparagraph=\count189
\c@figure=\count190
\c@table=\count191
\abovecaptionskip=\skip47
\belowcaptionskip=\skip48
\bibindent=\dimen138
) (c:/texlive/2021/texmf-dist/tex/latex/geometry/geometry.sty
Package: geometry 2020/01/02 v5.9 Page Geometry
 (c:/texlive/2021/texmf-dist/tex/latex/graphics/keyval.sty
Package: keyval 2014/10/28 v1.15 key=value parser (DPC)
\KV@toks@=\toks16
) (c:/texlive/2021/texmf-dist/tex/generic/iftex/ifvtex.sty
Package: ifvtex 2019/10/25 v1.7 ifvtex legacy package. Use iftex instead.
 (c:/texlive/2021/texmf-dist/tex/generic/iftex/iftex.sty
Package: iftex 2020/03/06 v1.0d TeX engine tests
))
\Gm@cnth=\count192
\Gm@cntv=\count193
\c@Gm@tempcnt=\count194
\Gm@bindingoffset=\dimen139
\Gm@wd@mp=\dimen140
\Gm@odd@mp=\dimen141
\Gm@even@mp=\dimen142
\Gm@layoutwidth=\dimen143
\Gm@layoutheight=\dimen144
\Gm@layouthoffset=\dimen145
\Gm@layoutvoffset=\dimen146
\Gm@dimlist=\toks17
) (c:/texlive/2021/texmf-dist/tex/latex/setspace/setspace.sty
Package: setspace 2011/12/19 v6.7a set line spacing
) (c:/texlive/2021/texmf-dist/tex/latex/appendix/appendix.sty
Package: appendix 2020/02/08 v1.2c extra appendix facilities
\c@@pps=\count195
\c@@ppsavesec=\count196
\c@@ppsaveapp=\count197
) (c:/texlive/2021/texmf-dist/tex/latex/hyphenat/hyphenat.sty
Package: hyphenat 2009/09/02 v2.3c hyphenation utilities
\langwohyphens=\language87
LaTeX Info: Redefining \_ on input line 43.
) (c:/texlive/2021/texmf-dist/tex/latex/graphics/graphicx.sty
Package: graphicx 2021/09/16 v1.2d Enhanced LaTeX Graphics (DPC,SPQR)
 (c:/texlive/2021/texmf-dist/tex/latex/graphics/graphics.sty
Package: graphics 2021/03/04 v1.4d Standard LaTeX Graphics (DPC,SPQR)
 (c:/texlive/2021/texmf-dist/tex/latex/graphics/trig.sty
Package: trig 2021/08/11 v1.11 sin cos tan (DPC)
) (c:/texlive/2021/texmf-dist/tex/latex/graphics-cfg/graphics.cfg
File: graphics.cfg 2016/06/04 v1.11 sample graphics configuration
)
Package graphics Info: Driver file: pdftex.def on input line 107.
 (c:/texlive/2021/texmf-dist/tex/latex/graphics-def/pdftex.def
File: pdftex.def 2020/10/05 v1.2a Graphics/color driver for pdftex
))
\Gin@req@height=\dimen147
\Gin@req@width=\dimen148
) (c:/texlive/2021/texmf-dist/tex/latex/ragged2e/ragged2e.sty
Package: ragged2e 2021/02/05 v3.0 ragged2e Package
\CenteringLeftskip=\skip49
\RaggedLeftLeftskip=\skip50
\RaggedRightLeftskip=\skip51
\CenteringRightskip=\skip52
\RaggedLeftRightskip=\skip53
\RaggedRightRightskip=\skip54
\CenteringParfillskip=\skip55
\RaggedLeftParfillskip=\skip56
\RaggedRightParfillskip=\skip57
\JustifyingParfillskip=\skip58
\CenteringParindent=\skip59
\RaggedLeftParindent=\skip60
\RaggedRightParindent=\skip61
\JustifyingParindent=\skip62
) (c:/texlive/2021/texmf-dist/tex/latex/placeins/placeins.sty
Package: placeins 2005/04/18  v 2.2
) (c:/texlive/2021/texmf-dist/tex/latex/amsmath/amsmath.sty
Package: amsmath 2021/10/15 v2.17l AMS math features
\@mathmargin=\skip63

For additional information on amsmath, use the `?' option.
(c:/texlive/2021/texmf-dist/tex/latex/amsmath/amstext.sty
Package: amstext 2021/08/26 v2.01 AMS text
 (c:/texlive/2021/texmf-dist/tex/latex/amsmath/amsgen.sty
File: amsgen.sty 1999/11/30 v2.0 generic functions
\@emptytoks=\toks18
\ex@=\dimen149
)) (c:/texlive/2021/texmf-dist/tex/latex/amsmath/amsbsy.sty
Package: amsbsy 1999/11/29 v1.2d Bold Symbols
\pmbraise@=\dimen150
) (c:/texlive/2021/texmf-dist/tex/latex/amsmath/amsopn.sty
Package: amsopn 2021/08/26 v2.02 operator names
)
\inf@bad=\count198
LaTeX Info: Redefining \frac on input line 234.
\uproot@=\count199
\leftroot@=\count266
LaTeX Info: Redefining \overline on input line 399.
\classnum@=\count267
\DOTSCASE@=\count268
LaTeX Info: Redefining \ldots on input line 496.
LaTeX Info: Redefining \dots on input line 499.
LaTeX Info: Redefining \cdots on input line 620.
\Mathstrutbox@=\box50
\strutbox@=\box51
\big@size=\dimen151
LaTeX Font Info:    Redeclaring font encoding OML on input line 743.
LaTeX Font Info:    Redeclaring font encoding OMS on input line 744.
\macc@depth=\count269
\c@MaxMatrixCols=\count270
\dotsspace@=\muskip16
\c@parentequation=\count271
\dspbrk@lvl=\count272
\tag@help=\toks19
\row@=\count273
\column@=\count274
\maxfields@=\count275
\andhelp@=\toks20
\eqnshift@=\dimen152
\alignsep@=\dimen153
\tagshift@=\dimen154
\tagwidth@=\dimen155
\totwidth@=\dimen156
\lineht@=\dimen157
\@envbody=\toks21
\multlinegap=\skip64
\multlinetaggap=\skip65
\mathdisplay@stack=\toks22
LaTeX Info: Redefining \[ on input line 2938.
LaTeX Info: Redefining \] on input line 2939.
) (c:/texlive/2021/texmf-dist/tex/latex/l3backend/l3backend-pdftex.def
File: l3backend-pdftex.def 2021-10-18 L3 backend support: PDF output (pdfTeX)
\l__color_backend_stack_int=\count276
\l__pdf_internal_box=\box52
) (./dissertation.aux)
\openout1 = `dissertation.aux'.

LaTeX Font Info:    Checking defaults for OML/cmm/m/it on input line 19.
LaTeX Font Info:    ... okay on input line 19.
LaTeX Font Info:    Checking defaults for OMS/cmsy/m/n on input line 19.
LaTeX Font Info:    ... okay on input line 19.
LaTeX Font Info:    Checking defaults for OT1/cmr/m/n on input line 19.
LaTeX Font Info:    ... okay on input line 19.
LaTeX Font Info:    Checking defaults for T1/cmr/m/n on input line 19.
LaTeX Font Info:    ... okay on input line 19.
LaTeX Font Info:    Checking defaults for TS1/cmr/m/n on input line 19.
LaTeX Font Info:    ... okay on input line 19.
LaTeX Font Info:    Checking defaults for OMX/cmex/m/n on input line 19.
LaTeX Font Info:    ... okay on input line 19.
LaTeX Font Info:    Checking defaults for U/cmr/m/n on input line 19.
LaTeX Font Info:    ... okay on input line 19.

*geometry* driver: auto-detecting
*geometry* detected driver: pdftex
*geometry* verbose mode - [ preamble ] result:
* driver: pdftex
* paper: <default>
* layout: <same size as paper>
* layoutoffset:(h,v)=(0.0pt,0.0pt)
* modes: 
* h-part:(L,W,R)=(86.72377pt, 440.84746pt, 86.72377pt)
* v-part:(T,H,B)=(86.72377pt, 621.52245pt, 86.72377pt)
* \paperwidth=614.295pt
* \paperheight=794.96999pt
* \textwidth=440.84746pt
* \textheight=621.52245pt
* \oddsidemargin=14.45378pt
* \evensidemargin=14.45378pt
* \topmargin=-17.42001pt
* \headheight=12.0pt
* \headsep=19.8738pt
* \topskip=11.0pt
* \footskip=27.46295pt
* \marginparwidth=62.0pt
* \marginparsep=7.0pt
* \columnsep=10.0pt
* \skip\footins=10.0pt plus 4.0pt minus 2.0pt
* \hoffset=0.0pt
* \voffset=0.0pt
* \mag=1000
* \@twocolumnfalse
* \@twosidefalse
* \@mparswitchfalse
* \@reversemarginfalse
* (1in=72.27pt=25.4mm, 1cm=28.453pt)

(c:/texlive/2021/texmf-dist/tex/context/base/mkii/supp-pdf.mkii
[Loading MPS to PDF converter (version 2006.09.02).]
\scratchcounter=\count277
\scratchdimen=\dimen158
\scratchbox=\box53
\nofMPsegments=\count278
\nofMParguments=\count279
\everyMPshowfont=\toks23
\MPscratchCnt=\count280
\MPscratchDim=\dimen159
\MPnumerator=\count281
\makeMPintoPDFobject=\count282
\everyMPtoPDFconversion=\toks24
) (c:/texlive/2021/texmf-dist/tex/latex/epstopdf-pkg/epstopdf-base.sty
Package: epstopdf-base 2020-01-24 v2.11 Base part for package epstopdf
 (c:/texlive/2021/texmf-dist/tex/generic/infwarerr/infwarerr.sty
Package: infwarerr 2019/12/03 v1.5 Providing info/warning/error messages (HO)
) (c:/texlive/2021/texmf-dist/tex/latex/grfext/grfext.sty
Package: grfext 2019/12/03 v1.3 Manage graphics extensions (HO)
 (c:/texlive/2021/texmf-dist/tex/generic/kvdefinekeys/kvdefinekeys.sty
Package: kvdefinekeys 2019-12-19 v1.6 Define keys (HO)
)) (c:/texlive/2021/texmf-dist/tex/latex/kvoptions/kvoptions.sty
Package: kvoptions 2020-10-07 v3.14 Key value format for package options (HO)
 (c:/texlive/2021/texmf-dist/tex/generic/ltxcmds/ltxcmds.sty
Package: ltxcmds 2020-05-10 v1.25 LaTeX kernel commands for general use (HO)
) (c:/texlive/2021/texmf-dist/tex/generic/kvsetkeys/kvsetkeys.sty
Package: kvsetkeys 2019/12/15 v1.18 Key value parser (HO)
)) (c:/texlive/2021/texmf-dist/tex/generic/pdftexcmds/pdftexcmds.sty
Package: pdftexcmds 2020-06-27 v0.33 Utility functions of pdfTeX for LuaTeX (HO)
Package pdftexcmds Info: \pdf@primitive is available.
Package pdftexcmds Info: \pdf@ifprimitive is available.
Package pdftexcmds Info: \pdfdraftmode found.
)
Package epstopdf-base Info: Redefining graphics rule for `.eps' on input line 485.
Package grfext Info: Graphics extension search list:
(grfext)             [.pdf,.png,.jpg,.mps,.jpeg,.jbig2,.jb2,.PDF,.PNG,.JPG,.JPEG,.JBIG2,.JB2,.eps]
(grfext)             \AppendGraphicsExtensions on input line 504.
 (c:/texlive/2021/texmf-dist/tex/latex/latexconfig/epstopdf-sys.cfg
File: epstopdf-sys.cfg 2010/07/13 v1.3 Configuration of (r)epstopdf for TeX Live
))
<images/tuoslogo.png, id=1, 78.2925pt x 79.2561pt>
File: images/tuoslogo.png Graphic file (type png)
<use images/tuoslogo.png>
Package pdftex.def Info: images/tuoslogo.png  used on input line 31.
(pdftex.def)             Requested size: 142.26378pt x 144.03468pt.
 [1



{c:/texlive/2021/texmf-var/fonts/map/pdftex/updmap/pdftex.map} <./images/tuoslogo.png>]
Underfull \hbox (badness 10000) in paragraph at lines 51--52

 []

(./chapters/abstract.tex [1

]
Overfull \hbox (0.4989pt too wide) in paragraph at lines 9--12
[]\OT1/cmr/m/n/10.95 The aim for the project is to pro-pose a novel, suit-able ma-chine learn-ing to model PUF(physical
 []


Overfull \hbox (1.50267pt too wide) in paragraph at lines 14--17
[]\OT1/cmr/m/n/10.95 The achieve-ments to date are hav-ing ro-bust un-der-stand-ing on PUF, re-con-fig-ura-bil-ity prop-erty,
 []


Overfull \hbox (1.74481pt too wide) in paragraph at lines 14--17
\OT1/cmr/m/n/10.95 learn-ing re-in-force-ment learn-ing has been tested on PUF but ac-cord-ing to false im-ple-men-ta-tion,
 []

) [2

] (./dissertation.toc [3

])
\tf@toc=\write3
\openout3 = `dissertation.toc'.

 [4] (./dissertation.lof
Overfull \hbox (4.452pt too wide) in paragraph at lines 5--5
 [][] []\OT1/cmr/m/n/10.95 The at-tacker eaves-dropped CRP that has been used can not suc-cess-fully val-i-date 
 []

)
\tf@lof=\write4
\openout4 = `dissertation.lof'.

 [5

] (./dissertation.lot)
\tf@lot=\write5
\openout5 = `dissertation.lot'.

 [6

] (./chapters/chapter1.tex
Chapter 1.

Overfull \hbox (16.1838pt too wide) in paragraph at lines 9--14
\OT1/cmr/m/n/10.95 phys-i-cal char-ac-ter-is-tics [[]]. This is based on the in-evitable ran-dom vari-a-tion in ICs man-u-fac-tur-ing
 []


Overfull \hbox (7.12859pt too wide) in paragraph at lines 16--23
\OT1/cmr/m/n/10.95 PUF which is ar-biter PUF, its op-er-a-tion to cre-ate a re-sponse is to in-put a chal-lenge bits(binary),
 []

[1


]) (./chapters/chapter2.tex [2]
Chapter 2.
<figures/figure1.jpg, id=39, 435.87843pt x 222.8325pt>
File: figures/figure1.jpg Graphic file (type jpg)
<use figures/figure1.jpg>
Package pdftex.def Info: figures/figure1.jpg  used on input line 12.
(pdftex.def)             Requested size: 227.62204pt x 116.36658pt.
[3

]
<figures/figure2.jpg, id=43, 686.565pt x 367.3725pt>
File: figures/figure2.jpg Graphic file (type jpg)
<use figures/figure2.jpg>
Package pdftex.def Info: figures/figure2.jpg  used on input line 27.
(pdftex.def)             Requested size: 284.52756pt x 152.24371pt.
 [4 <./figures/figure1.jpg> <./figures/figure2.jpg>]
<figures/figure3.jpg, id=47, 995.21812pt x 423.08063pt>
File: figures/figure3.jpg Graphic file (type jpg)
<use figures/figure3.jpg>
Package pdftex.def Info: figures/figure3.jpg  used on input line 39.
(pdftex.def)             Requested size: 426.79134pt x 181.43694pt.
<figures/figure4.jpg, id=48, 691.83469pt x 210.7875pt>
File: figures/figure4.jpg Graphic file (type jpg)
<use figures/figure4.jpg>
Package pdftex.def Info: figures/figure4.jpg  used on input line 51.
(pdftex.def)             Requested size: 227.62204pt x 69.35103pt.
 [5 <./figures/figure3.jpg> <./figures/figure4.jpg>]
<figures/figure5.jpg, id=52, 816.80156pt x 175.40532pt>
File: figures/figure5.jpg Graphic file (type jpg)
<use figures/figure5.jpg>
Package pdftex.def Info: figures/figure5.jpg  used on input line 62.
(pdftex.def)             Requested size: 227.62204pt x 48.8803pt.
<figures/figure6.jpg, id=53, 977.15062pt x 424.58624pt>
File: figures/figure6.jpg Graphic file (type jpg)
<use figures/figure6.jpg>
Package pdftex.def Info: figures/figure6.jpg  used on input line 81.
(pdftex.def)             Requested size: 341.43306pt x 148.35474pt.
<figures/figure7.jpg, id=54, 983.92593pt x 411.03563pt>
File: figures/figure7.jpg Graphic file (type jpg)
<use figures/figure7.jpg>
Package pdftex.def Info: figures/figure7.jpg  used on input line 91.
(pdftex.def)             Requested size: 341.43306pt x 142.63533pt.
 [6 <./figures/figure5.jpg>] [7 <./figures/figure6.jpg> <./figures/figure7.jpg>]
<figures/figure8.jpg, id=63, 999.735pt x 327.47343pt>
File: figures/figure8.jpg Graphic file (type jpg)
<use figures/figure8.jpg>
Package pdftex.def Info: figures/figure8.jpg  used on input line 125.
(pdftex.def)             Requested size: 398.33858pt x 130.47737pt.
 [8]
<figures/figure9.jpg, id=69, 932.73468pt x 456.20438pt>
File: figures/figure9.jpg Graphic file (type jpg)
<use figures/figure9.jpg>
Package pdftex.def Info: figures/figure9.jpg  used on input line 137.
(pdftex.def)             Requested size: 284.52756pt x 139.15953pt.
) (./chapters/chapter3.tex [9 <./figures/figure8.jpg> <./figures/figure9.jpg>] [10]
Chapter 3.
[11

]
File: figures/figure8.jpg Graphic file (type jpg)
<use figures/figure8.jpg>
Package pdftex.def Info: figures/figure8.jpg  used on input line 22.
(pdftex.def)             Requested size: 398.33858pt x 130.47737pt.
) (./chapters/chapter4.tex [12]
Chapter 4.
) (./chapters/chapter5.tex [13

]
Chapter 5.
) (./dissertation.bbl [14

]
Underfull \hbox (badness 1158) in paragraph at lines 10--15
\OT1/cmr/m/n/10.95 to pre-vent ma-chine learn-ing at-tacks on puf-based au-then-ti-ca-tion mech-a-nisms for
 []


Underfull \hbox (badness 2012) in paragraph at lines 33--37
[]\OT1/cmr/m/sc/10.95 R[]uhrmair, U., Sehnke, F., S[]olter, J., Dror, G., De-vadas, S., and
 []

) [15

] [16


] (./chapters/appendixA.tex
Appendix A.
) (./chapters/appendixB.tex [17

]
Appendix B.
) [18

] (./dissertation.aux) ) 
Here is how much of TeX's memory you used:
 3572 strings out of 478371
 59505 string characters out of 5852527
 362333 words of memory out of 5000000
 21588 multiletter control sequences out of 15000+600000
 411139 words of font info for 53 fonts, out of 8000000 for 9000
 1141 hyphenation exceptions out of 8191
 60i,12n,67p,587b,235s stack positions out of 5000i,500n,10000p,200000b,80000s
<c:/texlive/2021/texmf-dist/fonts/type1/public/amsfonts/cm/cmbx10.pfb><c:/texlive/2021/texmf-dist/fonts/type1/public/amsfonts/cm/cmbx12.pfb><c:/texlive/2021/texmf-dist/fonts/type1/public/amsfonts/cm/cmcsc10.pfb><c:/texlive/2021/texmf-dist/fonts/type1/public/amsfonts/cm/cmex10.pfb><c:/texlive/2021/texmf-dist/fonts/type1/public/amsfonts/cm/cmmi10.pfb><c:/texlive/2021/texmf-dist/fonts/type1/public/amsfonts/cm/cmmi8.pfb><c:/texlive/2021/texmf-dist/fonts/type1/public/amsfonts/cm/cmr10.pfb><c:/texlive/2021/texmf-dist/fonts/type1/public/amsfonts/cm/cmr12.pfb><c:/texlive/2021/texmf-dist/fonts/type1/public/amsfonts/cm/cmr17.pfb><c:/texlive/2021/texmf-dist/fonts/type1/public/amsfonts/cm/cmsl10.pfb><c:/texlive/2021/texmf-dist/fonts/type1/public/amsfonts/cm/cmsy10.pfb><c:/texlive/2021/texmf-dist/fonts/type1/public/amsfonts/cm/cmsy8.pfb><c:/texlive/2021/texmf-dist/fonts/type1/public/amsfonts/cm/cmti10.pfb><c:/texlive/2021/texmf-dist/fonts/type1/public/amsfonts/cm/cmti12.pfb>
Output written on dissertation.pdf (25 pages, 875087 bytes).
PDF statistics:
 165 PDF objects out of 1000 (max. 8388607)
 99 compressed objects within 1 object stream
 0 named destinations out of 1000 (max. 500000)
 51 words of extra memory for PDF output out of 10000 (max. 10000000)

